[debug] [2024-08-06T00:01:56.019Z] ----------------------------------------------------------------------
[debug] [2024-08-06T00:01:56.020Z] Command:       C:\Program Files\nodejs\node.exe C:\Users\ASMMY\AppData\Roaming\npm\node_modules\firebase-tools\lib\bin\firebase.js emulators:start
[debug] [2024-08-06T00:01:56.020Z] CLI Version:   13.15.0
[debug] [2024-08-06T00:01:56.021Z] Platform:      win32
[debug] [2024-08-06T00:01:56.021Z] Node Version:  v18.18.0
[debug] [2024-08-06T00:01:56.022Z] Time:          Tue Aug 06 2024 01:01:56 GMT+0100 (West Africa Standard Time)
[debug] [2024-08-06T00:01:56.022Z] ----------------------------------------------------------------------
[debug] 
[debug] [2024-08-06T00:01:56.108Z] > command requires scopes: ["email","openid","https://www.googleapis.com/auth/cloudplatformprojects.readonly","https://www.googleapis.com/auth/firebase","https://www.googleapis.com/auth/cloud-platform"]
[debug] [2024-08-06T00:01:56.109Z] > authorizing via signed-in user (ronicksamuel@gmail.com)
[info] i  emulators: Starting emulators: auth {"metadata":{"emulator":{"name":"hub"},"message":"Starting emulators: auth"}}
[debug] [2024-08-06T00:01:56.118Z] [logging] Logging Emulator only supports listening on one address (127.0.0.1). Not listening on ::1
[debug] [2024-08-06T00:01:56.118Z] [auth] Authentication Emulator only supports listening on one address (127.0.0.1). Not listening on ::1
[debug] [2024-08-06T00:01:56.119Z] assigned listening specs for emulators {"user":{"hub":[{"address":"127.0.0.1","family":"IPv4","port":4400},{"address":"::1","family":"IPv6","port":4400}],"ui":[{"address":"127.0.0.1","family":"IPv4","port":9091},{"address":"::1","family":"IPv6","port":9091}],"logging":[{"address":"127.0.0.1","family":"IPv4","port":4500}],"auth":[{"address":"127.0.0.1","family":"IPv4","port":9099}]},"metadata":{"message":"assigned listening specs for emulators"}}
[debug] [2024-08-06T00:01:56.123Z] [hub] writing locator at C:\Users\ASMMY\AppData\Local\Temp\hub-amaziri-fe25d.json
[info] i  ui: downloading ui-v1.13.0.zip... {"metadata":{"emulator":{"name":"ui"},"message":"downloading ui-v1.13.0.zip..."}}
[debug] [2024-08-06T00:02:01.068Z] >>> [apiv2][query] GET https://storage.googleapis.com/firebase-preview-drop/emulator/ui-v1.13.0.zip 
[debug] [2024-08-06T00:02:01.858Z] <<< [apiv2][status] GET https://storage.googleapis.com/firebase-preview-drop/emulator/ui-v1.13.0.zip 200
[debug] [2024-08-06T00:02:01.858Z] <<< [apiv2][body] GET https://storage.googleapis.com/firebase-preview-drop/emulator/ui-v1.13.0.zip [stream]
[debug] [2024-08-06T00:02:06.296Z] Data is 3605485
[debug] [2024-08-06T00:02:06.296Z] [unzip] Entry: client/ (compressed_size=0 bytes, uncompressed_size=0 bytes)
[debug] [2024-08-06T00:02:06.297Z] [unzip] Processing entry: client\
[debug] [2024-08-06T00:02:06.297Z] [unzip] mkdir: C:\Users\ASMMY\.cache\firebase\emulators\ui-v1.13.0\client\
[debug] [2024-08-06T00:02:06.327Z] [unzip] Entry: client/favicon-16x16.png (compressed_size=293 bytes, uncompressed_size=293 bytes)
[debug] [2024-08-06T00:02:06.327Z] [unzip] Processing entry: client\favicon-16x16.png
[debug] [2024-08-06T00:02:06.327Z] [unzip] else mkdir: C:\Users\ASMMY\.cache\firebase\emulators\ui-v1.13.0\client
[debug] [2024-08-06T00:02:06.328Z] [unzip] Writing file: C:\Users\ASMMY\.cache\firebase\emulators\ui-v1.13.0\client\favicon-16x16.png
[debug] [2024-08-06T00:02:06.338Z] [unzip] Entry: client/safari-pinned-tab.svg (compressed_size=1433 bytes, uncompressed_size=2611 bytes)
[debug] [2024-08-06T00:02:06.338Z] [unzip] Processing entry: client\safari-pinned-tab.svg
[debug] [2024-08-06T00:02:06.338Z] [unzip] else mkdir: C:\Users\ASMMY\.cache\firebase\emulators\ui-v1.13.0\client
[debug] [2024-08-06T00:02:06.339Z] [unzip] deflating: C:\Users\ASMMY\.cache\firebase\emulators\ui-v1.13.0\client\safari-pinned-tab.svg
[debug] [2024-08-06T00:02:06.344Z] [unzip] Entry: client/favicon.ico (compressed_size=2933 bytes, uncompressed_size=13294 bytes)
[debug] [2024-08-06T00:02:06.344Z] [unzip] Processing entry: client\favicon.ico
[debug] [2024-08-06T00:02:06.344Z] [unzip] else mkdir: C:\Users\ASMMY\.cache\firebase\emulators\ui-v1.13.0\client
[debug] [2024-08-06T00:02:06.345Z] [unzip] deflating: C:\Users\ASMMY\.cache\firebase\emulators\ui-v1.13.0\client\favicon.ico
[debug] [2024-08-06T00:02:06.347Z] [unzip] Entry: client/index.html (compressed_size=1361 bytes, uncompressed_size=3071 bytes)
[debug] [2024-08-06T00:02:06.347Z] [unzip] Processing entry: client\index.html
[debug] [2024-08-06T00:02:06.347Z] [unzip] else mkdir: C:\Users\ASMMY\.cache\firebase\emulators\ui-v1.13.0\client
[debug] [2024-08-06T00:02:06.347Z] [unzip] deflating: C:\Users\ASMMY\.cache\firebase\emulators\ui-v1.13.0\client\index.html
[debug] [2024-08-06T00:02:06.349Z] [unzip] Entry: client/android-chrome-192x192.png (compressed_size=2684 bytes, uncompressed_size=2684 bytes)
[debug] [2024-08-06T00:02:06.349Z] [unzip] Processing entry: client\android-chrome-192x192.png
[debug] [2024-08-06T00:02:06.349Z] [unzip] else mkdir: C:\Users\ASMMY\.cache\firebase\emulators\ui-v1.13.0\client
[debug] [2024-08-06T00:02:06.350Z] [unzip] Writing file: C:\Users\ASMMY\.cache\firebase\emulators\ui-v1.13.0\client\android-chrome-192x192.png
[debug] [2024-08-06T00:02:06.351Z] [unzip] Entry: client/apple-touch-icon.png (compressed_size=2123 bytes, uncompressed_size=2152 bytes)
[debug] [2024-08-06T00:02:06.351Z] [unzip] Processing entry: client\apple-touch-icon.png
[debug] [2024-08-06T00:02:06.351Z] [unzip] else mkdir: C:\Users\ASMMY\.cache\firebase\emulators\ui-v1.13.0\client
[debug] [2024-08-06T00:02:06.351Z] [unzip] deflating: C:\Users\ASMMY\.cache\firebase\emulators\ui-v1.13.0\client\apple-touch-icon.png
[debug] [2024-08-06T00:02:06.352Z] [unzip] Entry: client/android-chrome-512x512.png (compressed_size=5369 bytes, uncompressed_size=5411 bytes)
[debug] [2024-08-06T00:02:06.352Z] [unzip] Processing entry: client\android-chrome-512x512.png
[debug] [2024-08-06T00:02:06.352Z] [unzip] else mkdir: C:\Users\ASMMY\.cache\firebase\emulators\ui-v1.13.0\client
[debug] [2024-08-06T00:02:06.353Z] [unzip] deflating: C:\Users\ASMMY\.cache\firebase\emulators\ui-v1.13.0\client\android-chrome-512x512.png
[debug] [2024-08-06T00:02:06.354Z] [unzip] Entry: client/manifest.json (compressed_size=245 bytes, uncompressed_size=551 bytes)
[debug] [2024-08-06T00:02:06.354Z] [unzip] Processing entry: client\manifest.json
[debug] [2024-08-06T00:02:06.354Z] [unzip] else mkdir: C:\Users\ASMMY\.cache\firebase\emulators\ui-v1.13.0\client
[debug] [2024-08-06T00:02:06.354Z] [unzip] deflating: C:\Users\ASMMY\.cache\firebase\emulators\ui-v1.13.0\client\manifest.json
[debug] [2024-08-06T00:02:06.355Z] [unzip] Entry: client/robots.txt (compressed_size=26 bytes, uncompressed_size=26 bytes)
[debug] [2024-08-06T00:02:06.355Z] [unzip] Processing entry: client\robots.txt
[debug] [2024-08-06T00:02:06.355Z] [unzip] else mkdir: C:\Users\ASMMY\.cache\firebase\emulators\ui-v1.13.0\client
[debug] [2024-08-06T00:02:06.355Z] [unzip] Writing file: C:\Users\ASMMY\.cache\firebase\emulators\ui-v1.13.0\client\robots.txt
[debug] [2024-08-06T00:02:06.356Z] [unzip] Entry: client/mstile-150x150.png (compressed_size=2034 bytes, uncompressed_size=2034 bytes)
[debug] [2024-08-06T00:02:06.356Z] [unzip] Processing entry: client\mstile-150x150.png
[debug] [2024-08-06T00:02:06.356Z] [unzip] else mkdir: C:\Users\ASMMY\.cache\firebase\emulators\ui-v1.13.0\client
[debug] [2024-08-06T00:02:06.357Z] [unzip] Writing file: C:\Users\ASMMY\.cache\firebase\emulators\ui-v1.13.0\client\mstile-150x150.png
[debug] [2024-08-06T00:02:06.358Z] [unzip] Entry: client/assets/ (compressed_size=0 bytes, uncompressed_size=0 bytes)
[debug] [2024-08-06T00:02:06.358Z] [unzip] Processing entry: client\assets\
[debug] [2024-08-06T00:02:06.358Z] [unzip] mkdir: C:\Users\ASMMY\.cache\firebase\emulators\ui-v1.13.0\client\assets\
[debug] [2024-08-06T00:02:06.358Z] [unzip] Entry: client/assets/index-I-mhtQda.js.map (compressed_size=2322562 bytes, uncompressed_size=9922747 bytes)
[debug] [2024-08-06T00:02:06.358Z] [unzip] Processing entry: client\assets\index-I-mhtQda.js.map
[debug] [2024-08-06T00:02:06.359Z] [unzip] else mkdir: C:\Users\ASMMY\.cache\firebase\emulators\ui-v1.13.0\client\assets
[debug] [2024-08-06T00:02:06.359Z] [unzip] deflating: C:\Users\ASMMY\.cache\firebase\emulators\ui-v1.13.0\client\assets\index-I-mhtQda.js.map
[debug] [2024-08-06T00:02:06.405Z] [unzip] Entry: client/assets/index-BdgySamB.css (compressed_size=35979 bytes, uncompressed_size=298654 bytes)
[debug] [2024-08-06T00:02:06.405Z] [unzip] Processing entry: client\assets\index-BdgySamB.css
[debug] [2024-08-06T00:02:06.405Z] [unzip] else mkdir: C:\Users\ASMMY\.cache\firebase\emulators\ui-v1.13.0\client\assets
[debug] [2024-08-06T00:02:06.406Z] [unzip] deflating: C:\Users\ASMMY\.cache\firebase\emulators\ui-v1.13.0\client\assets\index-BdgySamB.css
[debug] [2024-08-06T00:02:06.410Z] [unzip] Entry: client/assets/index-I-mhtQda.js (compressed_size=565968 bytes, uncompressed_size=2030855 bytes)
[debug] [2024-08-06T00:02:06.410Z] [unzip] Processing entry: client\assets\index-I-mhtQda.js
[debug] [2024-08-06T00:02:06.410Z] [unzip] else mkdir: C:\Users\ASMMY\.cache\firebase\emulators\ui-v1.13.0\client\assets
[debug] [2024-08-06T00:02:06.411Z] [unzip] deflating: C:\Users\ASMMY\.cache\firebase\emulators\ui-v1.13.0\client\assets\index-I-mhtQda.js
[debug] [2024-08-06T00:02:06.445Z] [unzip] Entry: client/assets/extensions/ (compressed_size=0 bytes, uncompressed_size=0 bytes)
[debug] [2024-08-06T00:02:06.446Z] [unzip] Processing entry: client\assets\extensions\
[debug] [2024-08-06T00:02:06.446Z] [unzip] mkdir: C:\Users\ASMMY\.cache\firebase\emulators\ui-v1.13.0\client\assets\extensions\
[debug] [2024-08-06T00:02:06.446Z] [unzip] Entry: client/assets/extensions/default-extension.png (compressed_size=1646 bytes, uncompressed_size=1657 bytes)
[debug] [2024-08-06T00:02:06.446Z] [unzip] Processing entry: client\assets\extensions\default-extension.png
[debug] [2024-08-06T00:02:06.446Z] [unzip] else mkdir: C:\Users\ASMMY\.cache\firebase\emulators\ui-v1.13.0\client\assets\extensions
[debug] [2024-08-06T00:02:06.447Z] [unzip] deflating: C:\Users\ASMMY\.cache\firebase\emulators\ui-v1.13.0\client\assets\extensions\default-extension.png
[debug] [2024-08-06T00:02:06.448Z] [unzip] Entry: client/assets/img/ (compressed_size=0 bytes, uncompressed_size=0 bytes)
[debug] [2024-08-06T00:02:06.448Z] [unzip] Processing entry: client\assets\img\
[debug] [2024-08-06T00:02:06.448Z] [unzip] mkdir: C:\Users\ASMMY\.cache\firebase\emulators\ui-v1.13.0\client\assets\img\
[debug] [2024-08-06T00:02:06.448Z] [unzip] Entry: client/assets/img/database.png (compressed_size=29449 bytes, uncompressed_size=29988 bytes)
[debug] [2024-08-06T00:02:06.449Z] [unzip] Processing entry: client\assets\img\database.png
[debug] [2024-08-06T00:02:06.449Z] [unzip] else mkdir: C:\Users\ASMMY\.cache\firebase\emulators\ui-v1.13.0\client\assets\img
[debug] [2024-08-06T00:02:06.449Z] [unzip] deflating: C:\Users\ASMMY\.cache\firebase\emulators\ui-v1.13.0\client\assets\img\database.png
[debug] [2024-08-06T00:02:06.450Z] [unzip] Entry: client/assets/provider-icons/ (compressed_size=0 bytes, uncompressed_size=0 bytes)
[debug] [2024-08-06T00:02:06.450Z] [unzip] Processing entry: client\assets\provider-icons\
[debug] [2024-08-06T00:02:06.450Z] [unzip] mkdir: C:\Users\ASMMY\.cache\firebase\emulators\ui-v1.13.0\client\assets\provider-icons\
[debug] [2024-08-06T00:02:06.451Z] [unzip] Entry: client/assets/provider-icons/auth_service_saml.svg (compressed_size=575 bytes, uncompressed_size=1226 bytes)
[debug] [2024-08-06T00:02:06.451Z] [unzip] Processing entry: client\assets\provider-icons\auth_service_saml.svg
[debug] [2024-08-06T00:02:06.451Z] [unzip] else mkdir: C:\Users\ASMMY\.cache\firebase\emulators\ui-v1.13.0\client\assets\provider-icons
[debug] [2024-08-06T00:02:06.451Z] [unzip] deflating: C:\Users\ASMMY\.cache\firebase\emulators\ui-v1.13.0\client\assets\provider-icons\auth_service_saml.svg
[debug] [2024-08-06T00:02:06.452Z] [unzip] Entry: client/assets/provider-icons/auth_service_phone.svg (compressed_size=261 bytes, uncompressed_size=414 bytes)
[debug] [2024-08-06T00:02:06.452Z] [unzip] Processing entry: client\assets\provider-icons\auth_service_phone.svg
[debug] [2024-08-06T00:02:06.452Z] [unzip] else mkdir: C:\Users\ASMMY\.cache\firebase\emulators\ui-v1.13.0\client\assets\provider-icons
[debug] [2024-08-06T00:02:06.453Z] [unzip] deflating: C:\Users\ASMMY\.cache\firebase\emulators\ui-v1.13.0\client\assets\provider-icons\auth_service_phone.svg
[debug] [2024-08-06T00:02:06.454Z] [unzip] Entry: client/assets/provider-icons/auth_service_facebook.svg (compressed_size=289 bytes, uncompressed_size=457 bytes)
[debug] [2024-08-06T00:02:06.454Z] [unzip] Processing entry: client\assets\provider-icons\auth_service_facebook.svg
[debug] [2024-08-06T00:02:06.454Z] [unzip] else mkdir: C:\Users\ASMMY\.cache\firebase\emulators\ui-v1.13.0\client\assets\provider-icons
[debug] [2024-08-06T00:02:06.454Z] [unzip] deflating: C:\Users\ASMMY\.cache\firebase\emulators\ui-v1.13.0\client\assets\provider-icons\auth_service_facebook.svg
[debug] [2024-08-06T00:02:06.455Z] [unzip] Entry: client/assets/provider-icons/auth_service_game_center.svg (compressed_size=991 bytes, uncompressed_size=3921 bytes)
[debug] [2024-08-06T00:02:06.455Z] [unzip] Processing entry: client\assets\provider-icons\auth_service_game_center.svg
[debug] [2024-08-06T00:02:06.455Z] [unzip] else mkdir: C:\Users\ASMMY\.cache\firebase\emulators\ui-v1.13.0\client\assets\provider-icons
[debug] [2024-08-06T00:02:06.456Z] [unzip] deflating: C:\Users\ASMMY\.cache\firebase\emulators\ui-v1.13.0\client\assets\provider-icons\auth_service_game_center.svg
[debug] [2024-08-06T00:02:06.457Z] [unzip] Entry: client/assets/provider-icons/auth_service_apple.svg (compressed_size=230 bytes, uncompressed_size=334 bytes)
[debug] [2024-08-06T00:02:06.457Z] [unzip] Processing entry: client\assets\provider-icons\auth_service_apple.svg
[debug] [2024-08-06T00:02:06.457Z] [unzip] else mkdir: C:\Users\ASMMY\.cache\firebase\emulators\ui-v1.13.0\client\assets\provider-icons
[debug] [2024-08-06T00:02:06.457Z] [unzip] deflating: C:\Users\ASMMY\.cache\firebase\emulators\ui-v1.13.0\client\assets\provider-icons\auth_service_apple.svg
[debug] [2024-08-06T00:02:06.458Z] [unzip] Entry: client/assets/provider-icons/auth_service_github.svg (compressed_size=466 bytes, uncompressed_size=838 bytes)
[debug] [2024-08-06T00:02:06.458Z] [unzip] Processing entry: client\assets\provider-icons\auth_service_github.svg
[debug] [2024-08-06T00:02:06.458Z] [unzip] else mkdir: C:\Users\ASMMY\.cache\firebase\emulators\ui-v1.13.0\client\assets\provider-icons
[debug] [2024-08-06T00:02:06.459Z] [unzip] deflating: C:\Users\ASMMY\.cache\firebase\emulators\ui-v1.13.0\client\assets\provider-icons\auth_service_github.svg
[debug] [2024-08-06T00:02:06.460Z] [unzip] Entry: client/assets/provider-icons/auth_service_mslive.svg (compressed_size=203 bytes, uncompressed_size=378 bytes)
[debug] [2024-08-06T00:02:06.460Z] [unzip] Processing entry: client\assets\provider-icons\auth_service_mslive.svg
[debug] [2024-08-06T00:02:06.460Z] [unzip] else mkdir: C:\Users\ASMMY\.cache\firebase\emulators\ui-v1.13.0\client\assets\provider-icons
[debug] [2024-08-06T00:02:06.460Z] [unzip] deflating: C:\Users\ASMMY\.cache\firebase\emulators\ui-v1.13.0\client\assets\provider-icons\auth_service_mslive.svg
[debug] [2024-08-06T00:02:06.461Z] [unzip] Entry: client/assets/provider-icons/auth_service_yahoo.svg (compressed_size=577 bytes, uncompressed_size=1182 bytes)
[debug] [2024-08-06T00:02:06.461Z] [unzip] Processing entry: client\assets\provider-icons\auth_service_yahoo.svg
[debug] [2024-08-06T00:02:06.461Z] [unzip] else mkdir: C:\Users\ASMMY\.cache\firebase\emulators\ui-v1.13.0\client\assets\provider-icons
[debug] [2024-08-06T00:02:06.462Z] [unzip] deflating: C:\Users\ASMMY\.cache\firebase\emulators\ui-v1.13.0\client\assets\provider-icons\auth_service_yahoo.svg
[debug] [2024-08-06T00:02:06.463Z] [unzip] Entry: client/assets/provider-icons/auth_service_twitter.svg (compressed_size=444 bytes, uncompressed_size=751 bytes)
[debug] [2024-08-06T00:02:06.463Z] [unzip] Processing entry: client\assets\provider-icons\auth_service_twitter.svg
[debug] [2024-08-06T00:02:06.463Z] [unzip] else mkdir: C:\Users\ASMMY\.cache\firebase\emulators\ui-v1.13.0\client\assets\provider-icons
[debug] [2024-08-06T00:02:06.463Z] [unzip] deflating: C:\Users\ASMMY\.cache\firebase\emulators\ui-v1.13.0\client\assets\provider-icons\auth_service_twitter.svg
[debug] [2024-08-06T00:02:06.464Z] [unzip] Entry: client/assets/provider-icons/auth_service_play_games.svg (compressed_size=565 bytes, uncompressed_size=1173 bytes)
[debug] [2024-08-06T00:02:06.464Z] [unzip] Processing entry: client\assets\provider-icons\auth_service_play_games.svg
[debug] [2024-08-06T00:02:06.464Z] [unzip] else mkdir: C:\Users\ASMMY\.cache\firebase\emulators\ui-v1.13.0\client\assets\provider-icons
[debug] [2024-08-06T00:02:06.465Z] [unzip] deflating: C:\Users\ASMMY\.cache\firebase\emulators\ui-v1.13.0\client\assets\provider-icons\auth_service_play_games.svg
[debug] [2024-08-06T00:02:06.466Z] [unzip] Entry: client/assets/provider-icons/auth_service_email.svg (compressed_size=228 bytes, uncompressed_size=326 bytes)
[debug] [2024-08-06T00:02:06.466Z] [unzip] Processing entry: client\assets\provider-icons\auth_service_email.svg
[debug] [2024-08-06T00:02:06.466Z] [unzip] else mkdir: C:\Users\ASMMY\.cache\firebase\emulators\ui-v1.13.0\client\assets\provider-icons
[debug] [2024-08-06T00:02:06.466Z] [unzip] deflating: C:\Users\ASMMY\.cache\firebase\emulators\ui-v1.13.0\client\assets\provider-icons\auth_service_email.svg
[debug] [2024-08-06T00:02:06.467Z] [unzip] Entry: client/assets/provider-icons/auth_service_google.svg (compressed_size=409 bytes, uncompressed_size=720 bytes)
[debug] [2024-08-06T00:02:06.467Z] [unzip] Processing entry: client\assets\provider-icons\auth_service_google.svg
[debug] [2024-08-06T00:02:06.467Z] [unzip] else mkdir: C:\Users\ASMMY\.cache\firebase\emulators\ui-v1.13.0\client\assets\provider-icons
[debug] [2024-08-06T00:02:06.467Z] [unzip] deflating: C:\Users\ASMMY\.cache\firebase\emulators\ui-v1.13.0\client\assets\provider-icons\auth_service_google.svg
[debug] [2024-08-06T00:02:06.468Z] [unzip] Entry: client/assets/provider-icons/auth_service_oidc.svg (compressed_size=414 bytes, uncompressed_size=858 bytes)
[debug] [2024-08-06T00:02:06.468Z] [unzip] Processing entry: client\assets\provider-icons\auth_service_oidc.svg
[debug] [2024-08-06T00:02:06.468Z] [unzip] else mkdir: C:\Users\ASMMY\.cache\firebase\emulators\ui-v1.13.0\client\assets\provider-icons
[debug] [2024-08-06T00:02:06.469Z] [unzip] deflating: C:\Users\ASMMY\.cache\firebase\emulators\ui-v1.13.0\client\assets\provider-icons\auth_service_oidc.svg
[debug] [2024-08-06T00:02:06.469Z] [unzip] Entry: client/browserconfig.xml (compressed_size=491 bytes, uncompressed_size=822 bytes)
[debug] [2024-08-06T00:02:06.469Z] [unzip] Processing entry: client\browserconfig.xml
[debug] [2024-08-06T00:02:06.469Z] [unzip] else mkdir: C:\Users\ASMMY\.cache\firebase\emulators\ui-v1.13.0\client
[debug] [2024-08-06T00:02:06.469Z] [unzip] deflating: C:\Users\ASMMY\.cache\firebase\emulators\ui-v1.13.0\client\browserconfig.xml
[debug] [2024-08-06T00:02:06.470Z] [unzip] Entry: client/favicon-32x32.png (compressed_size=475 bytes, uncompressed_size=475 bytes)
[debug] [2024-08-06T00:02:06.470Z] [unzip] Processing entry: client\favicon-32x32.png
[debug] [2024-08-06T00:02:06.470Z] [unzip] else mkdir: C:\Users\ASMMY\.cache\firebase\emulators\ui-v1.13.0\client
[debug] [2024-08-06T00:02:06.470Z] [unzip] Writing file: C:\Users\ASMMY\.cache\firebase\emulators\ui-v1.13.0\client\favicon-32x32.png
[debug] [2024-08-06T00:02:06.471Z] [unzip] Entry: server/ (compressed_size=0 bytes, uncompressed_size=0 bytes)
[debug] [2024-08-06T00:02:06.471Z] [unzip] Processing entry: server\
[debug] [2024-08-06T00:02:06.471Z] [unzip] mkdir: C:\Users\ASMMY\.cache\firebase\emulators\ui-v1.13.0\server\
[debug] [2024-08-06T00:02:06.471Z] [unzip] Entry: server/server.mjs.map (compressed_size=294629 bytes, uncompressed_size=1346672 bytes)
[debug] [2024-08-06T00:02:06.472Z] [unzip] Processing entry: server\server.mjs.map
[debug] [2024-08-06T00:02:06.472Z] [unzip] else mkdir: C:\Users\ASMMY\.cache\firebase\emulators\ui-v1.13.0\server
[debug] [2024-08-06T00:02:06.472Z] [unzip] deflating: C:\Users\ASMMY\.cache\firebase\emulators\ui-v1.13.0\server\server.mjs.map
[debug] [2024-08-06T00:02:06.478Z] [unzip] Entry: server/server.mjs (compressed_size=314679 bytes, uncompressed_size=1167517 bytes)
[debug] [2024-08-06T00:02:06.478Z] [unzip] Processing entry: server\server.mjs
[debug] [2024-08-06T00:02:06.478Z] [unzip] else mkdir: C:\Users\ASMMY\.cache\firebase\emulators\ui-v1.13.0\server
[debug] [2024-08-06T00:02:06.478Z] [unzip] deflating: C:\Users\ASMMY\.cache\firebase\emulators\ui-v1.13.0\server\server.mjs
[debug] [2024-08-06T00:02:06.484Z] [unzip] Entry: server/assets/ (compressed_size=0 bytes, uncompressed_size=0 bytes)
[debug] [2024-08-06T00:02:06.484Z] [unzip] Processing entry: server\assets\
[debug] [2024-08-06T00:02:06.484Z] [unzip] mkdir: C:\Users\ASMMY\.cache\firebase\emulators\ui-v1.13.0\server\assets\
[debug] [2024-08-06T00:02:06.484Z] [unzip] Entry: server/assets/multipart-parser-DGCUZdXu.mjs.map (compressed_size=4791 bytes, uncompressed_size=17918 bytes)
[debug] [2024-08-06T00:02:06.485Z] [unzip] Processing entry: server\assets\multipart-parser-DGCUZdXu.mjs.map
[debug] [2024-08-06T00:02:06.485Z] [unzip] else mkdir: C:\Users\ASMMY\.cache\firebase\emulators\ui-v1.13.0\server\assets
[debug] [2024-08-06T00:02:06.485Z] [unzip] deflating: C:\Users\ASMMY\.cache\firebase\emulators\ui-v1.13.0\server\assets\multipart-parser-DGCUZdXu.mjs.map
[debug] [2024-08-06T00:02:06.486Z] [unzip] Entry: server/assets/multipart-parser-DGCUZdXu.mjs (compressed_size=2621 bytes, uncompressed_size=10390 bytes)
[debug] [2024-08-06T00:02:06.486Z] [unzip] Processing entry: server\assets\multipart-parser-DGCUZdXu.mjs
[debug] [2024-08-06T00:02:06.486Z] [unzip] else mkdir: C:\Users\ASMMY\.cache\firebase\emulators\ui-v1.13.0\server\assets
[debug] [2024-08-06T00:02:06.486Z] [unzip] deflating: C:\Users\ASMMY\.cache\firebase\emulators\ui-v1.13.0\server\assets\multipart-parser-DGCUZdXu.mjs
[debug] [2024-08-06T00:02:06.487Z] Ignoring unsupported arg: auto_download {"metadata":{"emulator":{"name":"ui"},"message":"Ignoring unsupported arg: auto_download"}}
[debug] [2024-08-06T00:02:06.487Z] Ignoring unsupported arg: port {"metadata":{"emulator":{"name":"ui"},"message":"Ignoring unsupported arg: port"}}
[debug] [2024-08-06T00:02:06.487Z] Starting Emulator UI with command {"binary":"node","args":["C:\\Users\\ASMMY\\.cache\\firebase\\emulators\\ui-v1.13.0\\server\\server.mjs"],"optionalArgs":[],"joinArgs":false,"shell":false} {"metadata":{"emulator":{"name":"ui"},"message":"Starting Emulator UI with command {\"binary\":\"node\",\"args\":[\"C:\\\\Users\\\\ASMMY\\\\.cache\\\\firebase\\\\emulators\\\\ui-v1.13.0\\\\server\\\\server.mjs\"],\"optionalArgs\":[],\"joinArgs\":false,\"shell\":false}"}}
[info] i  ui: Emulator UI logging to ui-debug.log {"metadata":{"emulator":{"name":"ui"},"message":"Emulator UI logging to \u001b[1mui-debug.log\u001b[22m"}}
[debug] [2024-08-06T00:02:06.606Z] Web / API server started at 127.0.0.1:9091
 {"metadata":{"emulator":{"name":"ui"},"message":"Web / API server started at 127.0.0.1:9091\n"}}
[debug] [2024-08-06T00:02:06.606Z] Web / API server started at ::1:9091
 {"metadata":{"emulator":{"name":"ui"},"message":"Web / API server started at ::1:9091\n"}}
[info] 
┌─────────────────────────────────────────────────────────────┐
│ ✔  All emulators ready! It is now safe to connect your app. │
│ i  View Emulator UI at http://127.0.0.1:9091/               │
└─────────────────────────────────────────────────────────────┘

┌────────────────┬────────────────┬────────────────────────────┐
│ Emulator       │ Host:Port      │ View in Emulator UI        │
├────────────────┼────────────────┼────────────────────────────┤
│ Authentication │ 127.0.0.1:9099 │ http://127.0.0.1:9091/auth │
└────────────────┴────────────────┴────────────────────────────┘
  Emulator Hub running at 127.0.0.1:4400
  Other reserved ports: 4500

Issues? Report them at https://github.com/firebase/firebase-tools/issues and attach the *-debug.log files.
 
[debug] [2024-08-06T00:40:46.469Z] ----------------------------------------------------------------------
[debug] [2024-08-06T00:40:46.471Z] Command:       C:\Program Files\nodejs\node.exe C:\Users\ASMMY\AppData\Roaming\npm\node_modules\firebase-tools\lib\bin\firebase.js emulators:start
[debug] [2024-08-06T00:40:46.471Z] CLI Version:   13.15.0
[debug] [2024-08-06T00:40:46.471Z] Platform:      win32
[debug] [2024-08-06T00:40:46.472Z] Node Version:  v18.18.0
[debug] [2024-08-06T00:40:46.473Z] Time:          Tue Aug 06 2024 01:40:46 GMT+0100 (West Africa Standard Time)
[debug] [2024-08-06T00:40:46.473Z] ----------------------------------------------------------------------
[debug] 
[debug] [2024-08-06T00:40:46.564Z] > command requires scopes: ["email","openid","https://www.googleapis.com/auth/cloudplatformprojects.readonly","https://www.googleapis.com/auth/firebase","https://www.googleapis.com/auth/cloud-platform"]
[debug] [2024-08-06T00:40:46.565Z] > authorizing via signed-in user (ronicksamuel@gmail.com)
[info] i  emulators: Starting emulators: auth {"metadata":{"emulator":{"name":"hub"},"message":"Starting emulators: auth"}}
[debug] [2024-08-06T00:40:46.575Z] [logging] Logging Emulator only supports listening on one address (127.0.0.1). Not listening on ::1
[debug] [2024-08-06T00:40:46.575Z] [auth] Authentication Emulator only supports listening on one address (127.0.0.1). Not listening on ::1
[debug] [2024-08-06T00:40:46.576Z] assigned listening specs for emulators {"user":{"hub":[{"address":"127.0.0.1","family":"IPv4","port":4400},{"address":"::1","family":"IPv6","port":4400}],"ui":[{"address":"127.0.0.1","family":"IPv4","port":9091},{"address":"::1","family":"IPv6","port":9091}],"logging":[{"address":"127.0.0.1","family":"IPv4","port":4500}],"auth":[{"address":"127.0.0.1","family":"IPv4","port":9099}]},"metadata":{"message":"assigned listening specs for emulators"}}
[warn] !  emulators: It seems that you are running multiple instances of the emulator suite for project amaziri-fe25d. This may result in unexpected behavior. 
[debug] [2024-08-06T00:40:46.581Z] [hub] writing locator at C:\Users\ASMMY\AppData\Local\Temp\hub-amaziri-fe25d.json
[debug] [2024-08-06T00:40:51.860Z] Ignoring unsupported arg: auto_download {"metadata":{"emulator":{"name":"ui"},"message":"Ignoring unsupported arg: auto_download"}}
[debug] [2024-08-06T00:40:51.861Z] Ignoring unsupported arg: port {"metadata":{"emulator":{"name":"ui"},"message":"Ignoring unsupported arg: port"}}
[debug] [2024-08-06T00:40:51.861Z] Starting Emulator UI with command {"binary":"node","args":["C:\\Users\\ASMMY\\.cache\\firebase\\emulators\\ui-v1.13.0\\server\\server.mjs"],"optionalArgs":[],"joinArgs":false,"shell":false} {"metadata":{"emulator":{"name":"ui"},"message":"Starting Emulator UI with command {\"binary\":\"node\",\"args\":[\"C:\\\\Users\\\\ASMMY\\\\.cache\\\\firebase\\\\emulators\\\\ui-v1.13.0\\\\server\\\\server.mjs\"],\"optionalArgs\":[],\"joinArgs\":false,\"shell\":false}"}}
[info] i  ui: Emulator UI logging to ui-debug.log {"metadata":{"emulator":{"name":"ui"},"message":"Emulator UI logging to \u001b[1mui-debug.log\u001b[22m"}}
[debug] [2024-08-06T00:40:51.992Z] Web / API server started at 127.0.0.1:9091
 {"metadata":{"emulator":{"name":"ui"},"message":"Web / API server started at 127.0.0.1:9091\n"}}
[debug] [2024-08-06T00:40:51.992Z] Web / API server started at ::1:9091
 {"metadata":{"emulator":{"name":"ui"},"message":"Web / API server started at ::1:9091\n"}}
[info] 
┌─────────────────────────────────────────────────────────────┐
│ ✔  All emulators ready! It is now safe to connect your app. │
│ i  View Emulator UI at http://127.0.0.1:9091/               │
└─────────────────────────────────────────────────────────────┘

┌────────────────┬────────────────┬────────────────────────────┐
│ Emulator       │ Host:Port      │ View in Emulator UI        │
├────────────────┼────────────────┼────────────────────────────┤
│ Authentication │ 127.0.0.1:9099 │ http://127.0.0.1:9091/auth │
└────────────────┴────────────────┴────────────────────────────┘
  Emulator Hub running at 127.0.0.1:4400
  Other reserved ports: 4500

Issues? Report them at https://github.com/firebase/firebase-tools/issues and attach the *-debug.log files.
 
[debug] [2024-08-06T01:34:39.567Z] Received signal SIGINT (Ctrl-C) 1
[info]  
[info] i  emulators: Received SIGINT (Ctrl-C) for the first time. Starting a clean shutdown. 
[info] i  emulators: Please wait for a clean shutdown or send the SIGINT (Ctrl-C) signal again to stop right now. 
[info] i  emulators: Shutting down emulators. {"metadata":{"emulator":{"name":"hub"},"message":"Shutting down emulators."}}
[info] i  ui: Stopping Emulator UI {"metadata":{"emulator":{"name":"ui"},"message":"Stopping Emulator UI"}}
[warn] !  Emulator UI has exited upon receiving signal: SIGINT 
[info] i  auth: Stopping Authentication Emulator {"metadata":{"emulator":{"name":"auth"},"message":"Stopping Authentication Emulator"}}
[info] i  hub: Stopping emulator hub {"metadata":{"emulator":{"name":"hub"},"message":"Stopping emulator hub"}}
[info] i  logging: Stopping Logging Emulator {"metadata":{"emulator":{"name":"logging"},"message":"Stopping Logging Emulator"}}
[debug] [2024-08-06T01:34:41.032Z] Received signal SIGINT (Ctrl-C) 2
[info]  
[debug] [2024-08-06T01:34:41.033Z] Skipping clean onExit() and cleanShutdown()
[warn] !  emulators: Received SIGINT (Ctrl-C) 2 times. You have forced the Emulator Suite to exit without waiting for 0 subprocess to finish. These processes may still be running on your machine:  
[info] 
┌──────────┬───────────┬─────┐
│ Emulator │ Host:Port │ PID │
└──────────┴───────────┴─────┘

To force them to exit run:

[info] TASKKILL  /T

[debug] [2024-08-06T01:34:41.326Z] Received signal SIGINT (Ctrl-C) 3
[info]  
[debug] [2024-08-06T01:34:41.327Z] Skipping clean onExit() and cleanShutdown()
[warn] !  emulators: Received SIGINT (Ctrl-C) 3 times. You have forced the Emulator Suite to exit without waiting for 0 subprocess to finish. These processes may still be running on your machine:  
[info] 
┌──────────┬───────────┬─────┐
│ Emulator │ Host:Port │ PID │
└──────────┴───────────┴─────┘

To force them to exit run:

[info] TASKKILL  /T

[debug] [2024-08-06T01:34:41.661Z] Received signal SIGINT (Ctrl-C) 4
[info]  
[debug] [2024-08-06T01:34:41.661Z] Skipping clean onExit() and cleanShutdown()
[warn] !  emulators: Received SIGINT (Ctrl-C) 4 times. You have forced the Emulator Suite to exit without waiting for 0 subprocess to finish. These processes may still be running on your machine:  
[info] 
┌──────────┬───────────┬─────┐
│ Emulator │ Host:Port │ PID │
└──────────┴───────────┴─────┘

To force them to exit run:

[info] TASKKILL  /T

[debug] [2024-08-06T01:34:41.994Z] Received signal SIGINT (Ctrl-C) 5
[info]  
[debug] [2024-08-06T01:34:41.995Z] Skipping clean onExit() and cleanShutdown()
[warn] !  emulators: Received SIGINT (Ctrl-C) 5 times. You have forced the Emulator Suite to exit without waiting for 0 subprocess to finish. These processes may still be running on your machine:  
[info] 
┌──────────┬───────────┬─────┐
│ Emulator │ Host:Port │ PID │
└──────────┴───────────┴─────┘

To force them to exit run:

[info] TASKKILL  /T

[debug] [2024-08-06T01:34:42.930Z] Received signal SIGINT (Ctrl-C) 6
[info]  
[debug] [2024-08-06T01:34:42.932Z] Skipping clean onExit() and cleanShutdown()
[warn] !  emulators: Received SIGINT (Ctrl-C) 6 times. You have forced the Emulator Suite to exit without waiting for 0 subprocess to finish. These processes may still be running on your machine:  
[info] 
┌──────────┬───────────┬─────┐
│ Emulator │ Host:Port │ PID │
└──────────┴───────────┴─────┘

To force them to exit run:

[info] TASKKILL  /T

[debug] [2024-08-06T01:34:49.638Z] Error: Timed out.
    at Timeout._onTimeout (C:\Users\ASMMY\AppData\Roaming\npm\node_modules\firebase-tools\lib\utils.js:268:49)
    at listOnTimeout (node:internal/timers:569:17)
    at process.processTimers (node:internal/timers:512:7)
[error] 
[error] Error: An unexpected error has occurred.
